2024-12-10 15:30:30.788 [INFO] pid[16144]: http server started listening on [:8000]
2024-12-10 15:30:30.788 [INFO] {f0f10d9d4ec00f181b7a6f615f39d54b} swagger ui is serving at address: http://127.0.0.1:8000/swagger/
2024-12-10 15:30:30.789 [INFO] {f0f10d9d4ec00f181b7a6f615f39d54b} openapi specification is serving at address: http://127.0.0.1:8000/api.json
2024-12-10 15:30:30.817 [DEBU] {f0f10d9d4ec00f181b7a6f615f39d54b} service register: &{Head: Deployment: Namespace: Name:default Version: Endpoints:192.168.10.98:8000 Metadata:map[insecure:true protocol:http]}

  ADDRESS | METHOD |      ROUTE      |                               HANDLER                                |    MIDDLEWARE      
----------|--------|-----------------|----------------------------------------------------------------------|--------------------
  :8000   | ALL    | /api.json       | github.com/gogf/gf/v2/net/ghttp.(*Server).openapiSpec                |                    
----------|--------|-----------------|----------------------------------------------------------------------|--------------------
  :8000   | ALL    | /swagger/*      | github.com/gogf/gf/v2/net/ghttp.(*Server).swaggerUI                  | HOOK_BEFORE_SERVE  
----------|--------|-----------------|----------------------------------------------------------------------|--------------------
  :8000   | POST   | /v1/users/login | proxima/app/gateway/internal/controller/user.(*ControllerV1).Login   |                    
----------|--------|-----------------|----------------------------------------------------------------------|--------------------
  :8000   | POST   | /v1/words       | proxima/app/gateway/internal/controller/words.(*ControllerV1).Create |                    
----------|--------|-----------------|----------------------------------------------------------------------|--------------------
  :8000   | GET    | /v1/words/{id}  | proxima/app/gateway/internal/controller/words.(*ControllerV1).Detail |                    
----------|--------|-----------------|----------------------------------------------------------------------|--------------------

2024-12-10 15:42:07.801 [INFO] pid[10892]: http server started listening on [:8000]
2024-12-10 15:42:07.801 [INFO] {f0f10d9d4ec00f181b7a6f615f39d54b} swagger ui is serving at address: http://127.0.0.1:8000/swagger/
2024-12-10 15:42:07.801 [INFO] {f0f10d9d4ec00f181b7a6f615f39d54b} openapi specification is serving at address: http://127.0.0.1:8000/api.json
2024-12-10 15:42:07.850 [DEBU] {f0f10d9d4ec00f181b7a6f615f39d54b} service register: &{Head: Deployment: Namespace: Name:default Version: Endpoints:192.168.10.98:8000 Metadata:map[insecure:true protocol:http]}

  ADDRESS | METHOD |      ROUTE      |                               HANDLER                                |    MIDDLEWARE      
----------|--------|-----------------|----------------------------------------------------------------------|--------------------
  :8000   | ALL    | /api.json       | github.com/gogf/gf/v2/net/ghttp.(*Server).openapiSpec                |                    
----------|--------|-----------------|----------------------------------------------------------------------|--------------------
  :8000   | ALL    | /swagger/*      | github.com/gogf/gf/v2/net/ghttp.(*Server).swaggerUI                  | HOOK_BEFORE_SERVE  
----------|--------|-----------------|----------------------------------------------------------------------|--------------------
  :8000   | POST   | /v1/users/login | proxima/app/gateway/internal/controller/user.(*ControllerV1).Login   |                    
----------|--------|-----------------|----------------------------------------------------------------------|--------------------
  :8000   | POST   | /v1/words       | proxima/app/gateway/internal/controller/words.(*ControllerV1).Create |                    
----------|--------|-----------------|----------------------------------------------------------------------|--------------------
  :8000   | GET    | /v1/words/{id}  | proxima/app/gateway/internal/controller/words.(*ControllerV1).Detail |                    
----------|--------|-----------------|----------------------------------------------------------------------|--------------------

2024-12-10 15:44:08.974 [INFO] pid[4648]: http server started listening on [:8000]
2024-12-10 15:44:08.974 [INFO] {f0f10d9d4ec00f181b7a6f615f39d54b} swagger ui is serving at address: http://127.0.0.1:8000/swagger/
2024-12-10 15:44:08.974 [INFO] {f0f10d9d4ec00f181b7a6f615f39d54b} openapi specification is serving at address: http://127.0.0.1:8000/api.json
2024-12-10 15:44:09.002 [DEBU] {f0f10d9d4ec00f181b7a6f615f39d54b} service register: &{Head: Deployment: Namespace: Name:default Version: Endpoints:192.168.10.98:8000 Metadata:map[insecure:true protocol:http]}

  ADDRESS | METHOD |     ROUTE      |                               HANDLER                                |    MIDDLEWARE      
----------|--------|----------------|----------------------------------------------------------------------|--------------------
  :8000   | ALL    | /api.json      | github.com/gogf/gf/v2/net/ghttp.(*Server).openapiSpec                |                    
----------|--------|----------------|----------------------------------------------------------------------|--------------------
  :8000   | ALL    | /swagger/*     | github.com/gogf/gf/v2/net/ghttp.(*Server).swaggerUI                  | HOOK_BEFORE_SERVE  
----------|--------|----------------|----------------------------------------------------------------------|--------------------
  :8000   | POST   | /v1/user/login | proxima/app/gateway/internal/controller/user.(*ControllerV1).Login   |                    
----------|--------|----------------|----------------------------------------------------------------------|--------------------
  :8000   | POST   | /v1/words      | proxima/app/gateway/internal/controller/words.(*ControllerV1).Create |                    
----------|--------|----------------|----------------------------------------------------------------------|--------------------
  :8000   | GET    | /v1/words/{id} | proxima/app/gateway/internal/controller/words.(*ControllerV1).Detail |                    
----------|--------|----------------|----------------------------------------------------------------------|--------------------

2024-12-10 15:44:35.469 [INFO] pid[20964]: http server started listening on [:8000]
2024-12-10 15:44:35.469 [INFO] {f0f10d9d4ec00f181b7a6f615f39d54b} swagger ui is serving at address: http://127.0.0.1:8000/swagger/
2024-12-10 15:44:35.470 [INFO] {f0f10d9d4ec00f181b7a6f615f39d54b} openapi specification is serving at address: http://127.0.0.1:8000/api.json
2024-12-10 15:44:35.494 [DEBU] {f0f10d9d4ec00f181b7a6f615f39d54b} service register: &{Head: Deployment: Namespace: Name:default Version: Endpoints:192.168.10.98:8000 Metadata:map[insecure:true protocol:http]}

  ADDRESS | METHOD |      ROUTE      |                               HANDLER                                |    MIDDLEWARE      
----------|--------|-----------------|----------------------------------------------------------------------|--------------------
  :8000   | ALL    | /api.json       | github.com/gogf/gf/v2/net/ghttp.(*Server).openapiSpec                |                    
----------|--------|-----------------|----------------------------------------------------------------------|--------------------
  :8000   | ALL    | /swagger/*      | github.com/gogf/gf/v2/net/ghttp.(*Server).swaggerUI                  | HOOK_BEFORE_SERVE  
----------|--------|-----------------|----------------------------------------------------------------------|--------------------
  :8000   | POST   | /v1/users/login | proxima/app/gateway/internal/controller/user.(*ControllerV1).Login   |                    
----------|--------|-----------------|----------------------------------------------------------------------|--------------------
  :8000   | POST   | /v1/words       | proxima/app/gateway/internal/controller/words.(*ControllerV1).Create |                    
----------|--------|-----------------|----------------------------------------------------------------------|--------------------
  :8000   | GET    | /v1/words/{id}  | proxima/app/gateway/internal/controller/words.(*ControllerV1).Detail |                    
----------|--------|-----------------|----------------------------------------------------------------------|--------------------

2024-12-10 15:49:33.452 [INFO] pid[7740]: http server started listening on [:8000]
2024-12-10 15:49:33.452 [INFO] {184dc02e59c10f18e7fa3a4cecaaba31} swagger ui is serving at address: http://127.0.0.1:8000/swagger/
2024-12-10 15:49:33.453 [INFO] {184dc02e59c10f18e7fa3a4cecaaba31} openapi specification is serving at address: http://127.0.0.1:8000/api.json
2024-12-10 15:49:33.476 [DEBU] {184dc02e59c10f18e7fa3a4cecaaba31} service register: &{Head: Deployment: Namespace: Name:default Version: Endpoints:192.168.10.98:8000 Metadata:map[insecure:true protocol:http]}

  ADDRESS | METHOD |      ROUTE      |                               HANDLER                                |    MIDDLEWARE      
----------|--------|-----------------|----------------------------------------------------------------------|--------------------
  :8000   | ALL    | /api.json       | github.com/gogf/gf/v2/net/ghttp.(*Server).openapiSpec                |                    
----------|--------|-----------------|----------------------------------------------------------------------|--------------------
  :8000   | ALL    | /swagger/*      | github.com/gogf/gf/v2/net/ghttp.(*Server).swaggerUI                  | HOOK_BEFORE_SERVE  
----------|--------|-----------------|----------------------------------------------------------------------|--------------------
  :8000   | POST   | /v1/users/login | proxima/app/gateway/internal/controller/user.(*ControllerV1).Login   |                    
----------|--------|-----------------|----------------------------------------------------------------------|--------------------
  :8000   | POST   | /v1/words       | proxima/app/gateway/internal/controller/words.(*ControllerV1).Create |                    
----------|--------|-----------------|----------------------------------------------------------------------|--------------------
  :8000   | GET    | /v1/words/{id}  | proxima/app/gateway/internal/controller/words.(*ControllerV1).Detail |                    
----------|--------|-----------------|----------------------------------------------------------------------|--------------------

2024-12-10 15:49:42.861 [INFO] pid[8836]: http server started listening on [:8000]
2024-12-10 15:49:42.861 [INFO] {184dc02e59c10f18e7fa3a4cecaaba31} swagger ui is serving at address: http://127.0.0.1:8000/swagger/
2024-12-10 15:49:42.861 [INFO] {184dc02e59c10f18e7fa3a4cecaaba31} openapi specification is serving at address: http://127.0.0.1:8000/api.json
2024-12-10 15:49:42.884 [DEBU] {184dc02e59c10f18e7fa3a4cecaaba31} service register: &{Head: Deployment: Namespace: Name:default Version: Endpoints:192.168.10.98:8000 Metadata:map[insecure:true protocol:http]}

  ADDRESS | METHOD |      ROUTE      |                               HANDLER                                |    MIDDLEWARE      
----------|--------|-----------------|----------------------------------------------------------------------|--------------------
  :8000   | ALL    | /api.json       | github.com/gogf/gf/v2/net/ghttp.(*Server).openapiSpec                |                    
----------|--------|-----------------|----------------------------------------------------------------------|--------------------
  :8000   | ALL    | /swagger/*      | github.com/gogf/gf/v2/net/ghttp.(*Server).swaggerUI                  | HOOK_BEFORE_SERVE  
----------|--------|-----------------|----------------------------------------------------------------------|--------------------
  :8000   | POST   | /v1/users/login | proxima/app/gateway/internal/controller/user.(*ControllerV1).Login   |                    
----------|--------|-----------------|----------------------------------------------------------------------|--------------------
  :8000   | POST   | /v1/words       | proxima/app/gateway/internal/controller/words.(*ControllerV1).Create |                    
----------|--------|-----------------|----------------------------------------------------------------------|--------------------
  :8000   | GET    | /v1/words/{id}  | proxima/app/gateway/internal/controller/words.(*ControllerV1).Detail |                    
----------|--------|-----------------|----------------------------------------------------------------------|--------------------

2024-12-10 15:52:38.569 [INFO] pid[4416]: http server started listening on [:8000]
2024-12-10 15:52:38.569 [INFO] {184dc02e59c10f18e7fa3a4cecaaba31} swagger ui is serving at address: http://127.0.0.1:8000/swagger/
2024-12-10 15:52:38.571 [INFO] {184dc02e59c10f18e7fa3a4cecaaba31} openapi specification is serving at address: http://127.0.0.1:8000/api.json
2024-12-10 15:52:38.594 [DEBU] {184dc02e59c10f18e7fa3a4cecaaba31} service register: &{Head: Deployment: Namespace: Name:default Version: Endpoints:192.168.10.98:8000 Metadata:map[insecure:true protocol:http]}

  ADDRESS | METHOD |      ROUTE      |                               HANDLER                                |    MIDDLEWARE      
----------|--------|-----------------|----------------------------------------------------------------------|--------------------
  :8000   | ALL    | /api.json       | github.com/gogf/gf/v2/net/ghttp.(*Server).openapiSpec                |                    
----------|--------|-----------------|----------------------------------------------------------------------|--------------------
  :8000   | ALL    | /swagger/*      | github.com/gogf/gf/v2/net/ghttp.(*Server).swaggerUI                  | HOOK_BEFORE_SERVE  
----------|--------|-----------------|----------------------------------------------------------------------|--------------------
  :8000   | POST   | /v1/users/login | proxima/app/gateway/internal/controller/user.(*ControllerV1).Login   |                    
----------|--------|-----------------|----------------------------------------------------------------------|--------------------
  :8000   | POST   | /v1/words       | proxima/app/gateway/internal/controller/words.(*ControllerV1).Create |                    
----------|--------|-----------------|----------------------------------------------------------------------|--------------------
  :8000   | GET    | /v1/words/{id}  | proxima/app/gateway/internal/controller/words.(*ControllerV1).Detail |                    
----------|--------|-----------------|----------------------------------------------------------------------|--------------------

2024-12-10 15:53:08.862 [INFO] pid[21912]: http server started listening on [:8000]
2024-12-10 15:53:08.862 [INFO] {184dc02e59c10f18e7fa3a4cecaaba31} swagger ui is serving at address: http://127.0.0.1:8000/swagger/
2024-12-10 15:53:08.862 [INFO] {184dc02e59c10f18e7fa3a4cecaaba31} openapi specification is serving at address: http://127.0.0.1:8000/api.json
2024-12-10 15:53:08.888 [DEBU] {184dc02e59c10f18e7fa3a4cecaaba31} service register: &{Head: Deployment: Namespace: Name:default Version: Endpoints:192.168.10.98:8000 Metadata:map[insecure:true protocol:http]}

  ADDRESS | METHOD |      ROUTE      |                               HANDLER                                |    MIDDLEWARE      
----------|--------|-----------------|----------------------------------------------------------------------|--------------------
  :8000   | ALL    | /api.json       | github.com/gogf/gf/v2/net/ghttp.(*Server).openapiSpec                |                    
----------|--------|-----------------|----------------------------------------------------------------------|--------------------
  :8000   | ALL    | /swagger/*      | github.com/gogf/gf/v2/net/ghttp.(*Server).swaggerUI                  | HOOK_BEFORE_SERVE  
----------|--------|-----------------|----------------------------------------------------------------------|--------------------
  :8000   | POST   | /v1/users/login | proxima/app/gateway/internal/controller/user.(*ControllerV1).Login   |                    
----------|--------|-----------------|----------------------------------------------------------------------|--------------------
  :8000   | POST   | /v1/words       | proxima/app/gateway/internal/controller/words.(*ControllerV1).Create |                    
----------|--------|-----------------|----------------------------------------------------------------------|--------------------
  :8000   | GET    | /v1/words/{id}  | proxima/app/gateway/internal/controller/words.(*ControllerV1).Detail |                    
----------|--------|-----------------|----------------------------------------------------------------------|--------------------

2024-12-10 15:53:34.278 [INFO] pid[18916]: http server started listening on [:8000]
2024-12-10 15:53:34.278 [INFO] {184dc02e59c10f18e7fa3a4cecaaba31} swagger ui is serving at address: http://127.0.0.1:8000/swagger/
2024-12-10 15:53:34.279 [INFO] {184dc02e59c10f18e7fa3a4cecaaba31} openapi specification is serving at address: http://127.0.0.1:8000/api.json
2024-12-10 15:53:34.305 [DEBU] {184dc02e59c10f18e7fa3a4cecaaba31} service register: &{Head: Deployment: Namespace: Name:default Version: Endpoints:192.168.10.98:8000 Metadata:map[insecure:true protocol:http]}

  ADDRESS | METHOD |      ROUTE      |                               HANDLER                                |    MIDDLEWARE      
----------|--------|-----------------|----------------------------------------------------------------------|--------------------
  :8000   | ALL    | /api.json       | github.com/gogf/gf/v2/net/ghttp.(*Server).openapiSpec                |                    
----------|--------|-----------------|----------------------------------------------------------------------|--------------------
  :8000   | ALL    | /swagger/*      | github.com/gogf/gf/v2/net/ghttp.(*Server).swaggerUI                  | HOOK_BEFORE_SERVE  
----------|--------|-----------------|----------------------------------------------------------------------|--------------------
  :8000   | POST   | /v1/users/login | proxima/app/gateway/internal/controller/user.(*ControllerV1).Login   |                    
----------|--------|-----------------|----------------------------------------------------------------------|--------------------
  :8000   | POST   | /v1/words       | proxima/app/gateway/internal/controller/words.(*ControllerV1).Create |                    
----------|--------|-----------------|----------------------------------------------------------------------|--------------------
  :8000   | GET    | /v1/words/{id}  | proxima/app/gateway/internal/controller/words.(*ControllerV1).Detail |                    
----------|--------|-----------------|----------------------------------------------------------------------|--------------------

2024-12-10 15:53:42.298 [INFO] pid[1828]: http server started listening on [:8000]
2024-12-10 15:53:42.298 [INFO] {184dc02e59c10f18e7fa3a4cecaaba31} swagger ui is serving at address: http://127.0.0.1:8000/swagger/
2024-12-10 15:53:42.299 [INFO] {184dc02e59c10f18e7fa3a4cecaaba31} openapi specification is serving at address: http://127.0.0.1:8000/api.json
2024-12-10 15:53:42.324 [DEBU] {184dc02e59c10f18e7fa3a4cecaaba31} service register: &{Head: Deployment: Namespace: Name:default Version: Endpoints:192.168.10.98:8000 Metadata:map[insecure:true protocol:http]}

  ADDRESS | METHOD |      ROUTE      |                               HANDLER                                |    MIDDLEWARE      
----------|--------|-----------------|----------------------------------------------------------------------|--------------------
  :8000   | ALL    | /api.json       | github.com/gogf/gf/v2/net/ghttp.(*Server).openapiSpec                |                    
----------|--------|-----------------|----------------------------------------------------------------------|--------------------
  :8000   | ALL    | /swagger/*      | github.com/gogf/gf/v2/net/ghttp.(*Server).swaggerUI                  | HOOK_BEFORE_SERVE  
----------|--------|-----------------|----------------------------------------------------------------------|--------------------
  :8000   | POST   | /v1/users/login | proxima/app/gateway/internal/controller/user.(*ControllerV1).Login   |                    
----------|--------|-----------------|----------------------------------------------------------------------|--------------------
  :8000   | POST   | /v1/words       | proxima/app/gateway/internal/controller/words.(*ControllerV1).Create |                    
----------|--------|-----------------|----------------------------------------------------------------------|--------------------
  :8000   | GET    | /v1/words/{id}  | proxima/app/gateway/internal/controller/words.(*ControllerV1).Detail |                    
----------|--------|-----------------|----------------------------------------------------------------------|--------------------

2024-12-10 15:53:48.160 [INFO] pid[2440]: http server started listening on [:8000]
2024-12-10 15:53:48.160 [INFO] {184dc02e59c10f18e7fa3a4cecaaba31} swagger ui is serving at address: http://127.0.0.1:8000/swagger/
2024-12-10 15:53:48.162 [INFO] {184dc02e59c10f18e7fa3a4cecaaba31} openapi specification is serving at address: http://127.0.0.1:8000/api.json
2024-12-10 15:53:48.186 [DEBU] {184dc02e59c10f18e7fa3a4cecaaba31} service register: &{Head: Deployment: Namespace: Name:default Version: Endpoints:192.168.10.98:8000 Metadata:map[insecure:true protocol:http]}

  ADDRESS | METHOD |      ROUTE      |                               HANDLER                                |    MIDDLEWARE      
----------|--------|-----------------|----------------------------------------------------------------------|--------------------
  :8000   | ALL    | /api.json       | github.com/gogf/gf/v2/net/ghttp.(*Server).openapiSpec                |                    
----------|--------|-----------------|----------------------------------------------------------------------|--------------------
  :8000   | ALL    | /swagger/*      | github.com/gogf/gf/v2/net/ghttp.(*Server).swaggerUI                  | HOOK_BEFORE_SERVE  
----------|--------|-----------------|----------------------------------------------------------------------|--------------------
  :8000   | POST   | /v1/users/login | proxima/app/gateway/internal/controller/user.(*ControllerV1).Login   |                    
----------|--------|-----------------|----------------------------------------------------------------------|--------------------
  :8000   | POST   | /v1/words       | proxima/app/gateway/internal/controller/words.(*ControllerV1).Create |                    
----------|--------|-----------------|----------------------------------------------------------------------|--------------------
  :8000   | GET    | /v1/words/{id}  | proxima/app/gateway/internal/controller/words.(*ControllerV1).Detail |                    
----------|--------|-----------------|----------------------------------------------------------------------|--------------------

2024-12-10 15:55:14.661 [INFO] pid[19592]: http server started listening on [:8000]
2024-12-10 15:55:14.661 [INFO] {184dc02e59c10f18e7fa3a4cecaaba31} swagger ui is serving at address: http://127.0.0.1:8000/swagger/
2024-12-10 15:55:14.661 [INFO] {184dc02e59c10f18e7fa3a4cecaaba31} openapi specification is serving at address: http://127.0.0.1:8000/api.json
2024-12-10 15:55:14.692 [DEBU] {184dc02e59c10f18e7fa3a4cecaaba31} service register: &{Head: Deployment: Namespace: Name:default Version: Endpoints:192.168.10.98:8000 Metadata:map[insecure:true protocol:http]}

  ADDRESS | METHOD |      ROUTE      |                               HANDLER                                |    MIDDLEWARE      
----------|--------|-----------------|----------------------------------------------------------------------|--------------------
  :8000   | ALL    | /api.json       | github.com/gogf/gf/v2/net/ghttp.(*Server).openapiSpec                |                    
----------|--------|-----------------|----------------------------------------------------------------------|--------------------
  :8000   | ALL    | /swagger/*      | github.com/gogf/gf/v2/net/ghttp.(*Server).swaggerUI                  | HOOK_BEFORE_SERVE  
----------|--------|-----------------|----------------------------------------------------------------------|--------------------
  :8000   | POST   | /v1/users/login | proxima/app/gateway/internal/controller/user.(*ControllerV1).Login   |                    
----------|--------|-----------------|----------------------------------------------------------------------|--------------------
  :8000   | POST   | /v1/words       | proxima/app/gateway/internal/controller/words.(*ControllerV1).Create |                    
----------|--------|-----------------|----------------------------------------------------------------------|--------------------
  :8000   | GET    | /v1/words/{id}  | proxima/app/gateway/internal/controller/words.(*ControllerV1).Detail |                    
----------|--------|-----------------|----------------------------------------------------------------------|--------------------

2024-12-10 16:02:17.253 [INFO] pid[13636]: http server started listening on [:8000]
2024-12-10 16:02:17.253 [INFO] {001a98fe0ac20f18ee928108270d83aa} swagger ui is serving at address: http://127.0.0.1:8000/swagger/
2024-12-10 16:02:17.253 [INFO] {001a98fe0ac20f18ee928108270d83aa} openapi specification is serving at address: http://127.0.0.1:8000/api.json
2024-12-10 16:02:17.278 [DEBU] {001a98fe0ac20f18ee928108270d83aa} service register: &{Head: Deployment: Namespace: Name:default Version: Endpoints:192.168.10.98:8000 Metadata:map[insecure:true protocol:http]}

  ADDRESS | METHOD |      ROUTE      |                               HANDLER                                |    MIDDLEWARE      
----------|--------|-----------------|----------------------------------------------------------------------|--------------------
  :8000   | ALL    | /api.json       | github.com/gogf/gf/v2/net/ghttp.(*Server).openapiSpec                |                    
----------|--------|-----------------|----------------------------------------------------------------------|--------------------
  :8000   | ALL    | /swagger/*      | github.com/gogf/gf/v2/net/ghttp.(*Server).swaggerUI                  | HOOK_BEFORE_SERVE  
----------|--------|-----------------|----------------------------------------------------------------------|--------------------
  :8000   | POST   | /v1/users/login | proxima/app/gateway/internal/controller/user.(*ControllerV1).Login   |                    
----------|--------|-----------------|----------------------------------------------------------------------|--------------------
  :8000   | POST   | /v1/words       | proxima/app/gateway/internal/controller/words.(*ControllerV1).Create |                    
----------|--------|-----------------|----------------------------------------------------------------------|--------------------
  :8000   | GET    | /v1/words/{id}  | proxima/app/gateway/internal/controller/words.(*ControllerV1).Detail |                    
----------|--------|-----------------|----------------------------------------------------------------------|--------------------

2024-12-10 16:14:33.187 [INFO] pid[8396]: http server started listening on [:8000]
2024-12-10 16:14:33.187 [INFO] {2cab7e40b6c20f18477b1c17f1678051} swagger ui is serving at address: http://127.0.0.1:8000/swagger/
2024-12-10 16:14:33.188 [INFO] {2cab7e40b6c20f18477b1c17f1678051} openapi specification is serving at address: http://127.0.0.1:8000/api.json
2024-12-10 16:14:33.211 [DEBU] {2cab7e40b6c20f18477b1c17f1678051} service register: &{Head: Deployment: Namespace: Name:default Version: Endpoints:192.168.10.98:8000 Metadata:map[insecure:true protocol:http]}

  ADDRESS | METHOD |      ROUTE      |                               HANDLER                                |    MIDDLEWARE      
----------|--------|-----------------|----------------------------------------------------------------------|--------------------
  :8000   | ALL    | /api.json       | github.com/gogf/gf/v2/net/ghttp.(*Server).openapiSpec                |                    
----------|--------|-----------------|----------------------------------------------------------------------|--------------------
  :8000   | ALL    | /swagger/*      | github.com/gogf/gf/v2/net/ghttp.(*Server).swaggerUI                  | HOOK_BEFORE_SERVE  
----------|--------|-----------------|----------------------------------------------------------------------|--------------------
  :8000   | POST   | /v1/users/login | proxima/app/gateway/internal/controller/user.(*ControllerV1).Login   |                    
----------|--------|-----------------|----------------------------------------------------------------------|--------------------
  :8000   | POST   | /v1/words       | proxima/app/gateway/internal/controller/words.(*ControllerV1).Create |                    
----------|--------|-----------------|----------------------------------------------------------------------|--------------------
  :8000   | GET    | /v1/words/{id}  | proxima/app/gateway/internal/controller/words.(*ControllerV1).Detail |                    
----------|--------|-----------------|----------------------------------------------------------------------|--------------------

